ERROR [org.apache.jsp.META_002dINF.views.framework.panic_jsp] HTTP GET /acme-jobs/META-INF/views/framework/page.jsp HTTP/1.1
ERROR [org.apache.jsp.META_002dINF.views.framework.panic_jsp] Status: 500
ERROR [org.apache.jsp.META_002dINF.views.framework.panic_jsp] Exception: java.lang.AssertionError
ERROR [org.apache.jsp.META_002dINF.views.framework.panic_jsp] HTTP GET /acme-jobs/META-INF/views/framework/page.jsp HTTP/1.1
ERROR [org.apache.jsp.META_002dINF.views.framework.panic_jsp] Status: 500
ERROR [org.apache.jsp.META_002dINF.views.framework.panic_jsp] Exception: org.springframework.core.convert.support.ConversionUtils.invokeConverter(ConversionUtils.java:47): Failed to convert from type [java.util.ArrayList<?>] to type [@org.springframework.data.jpa.repository.Query java.util.Collection<acme.entities.jobs.Job>] for value '[acme.entities.offers.Offer{id=30, version=0}]'; nested exception is org.springframework.core.convert.ConverterNotFoundException: No converter found capable of converting from type [acme.entities.offers.Offer] to type [@org.springframework.data.jpa.repository.Query acme.entities.jobs.Job]
org.springframework.core.convert.support.GenericConversionService.handleConverterNotFound(GenericConversionService.java:321): No converter found capable of converting from type [acme.entities.offers.Offer] to type [@org.springframework.data.jpa.repository.Query acme.entities.jobs.Job]
ERROR [org.apache.catalina.core.ContainerBase.[Tomcat].[localhost].[/acme-jobs].[jsp]] at org.hibernate.collection.internal.AbstractPersistentCollection.throwLazyInitializationException(AbstractPersistentCollection.java:602): failed to lazily initialize a collection of role: acme.entities.jobs.Descriptor.duties, could not initialize proxy - no Session
ERROR [org.apache.catalina.core.ContainerBase.[Tomcat].[localhost].[/acme-jobs].[dispatcherServlet]] at org.hibernate.collection.internal.AbstractPersistentCollection.throwLazyInitializationException(AbstractPersistentCollection.java:602): failed to lazily initialize a collection of role: acme.entities.jobs.Descriptor.duties, could not initialize proxy - no Session
ERROR [org.apache.jsp.META_002dINF.views.framework.panic_jsp] HTTP GET /acme-jobs/master/panic HTTP/1.1
ERROR [org.apache.jsp.META_002dINF.views.framework.panic_jsp] Status: 500
ERROR [org.apache.jsp.META_002dINF.views.framework.panic_jsp] Exception: org.springframework.web.servlet.FrameworkServlet.processRequest(FrameworkServlet.java:1013): Request processing failed; nested exception is org.apache.tiles.request.render.CannotRenderException: ServletException including path '/META-INF/views/framework/page.jsp'.
org.apache.tiles.impl.BasicTilesContainer.render(BasicTilesContainer.java:399): ServletException including path '/META-INF/views/framework/page.jsp'.
org.apache.tiles.request.servlet.ServletUtil.wrapServletException(ServletUtil.java:61): ServletException including path '/META-INF/views/framework/page.jsp'.
org.hibernate.collection.internal.AbstractPersistentCollection.throwLazyInitializationException(AbstractPersistentCollection.java:602): failed to lazily initialize a collection of role: acme.entities.jobs.Descriptor.duties, could not initialize proxy - no Session
ERROR [org.apache.catalina.core.ContainerBase.[Tomcat].[localhost].[/acme-jobs].[jsp]] at org.hibernate.collection.internal.AbstractPersistentCollection.throwLazyInitializationException(AbstractPersistentCollection.java:602): failed to lazily initialize a collection of role: acme.entities.jobs.Descriptor.duties, could not initialize proxy - no Session
ERROR [org.apache.catalina.core.ContainerBase.[Tomcat].[localhost].[/acme-jobs].[dispatcherServlet]] at org.hibernate.collection.internal.AbstractPersistentCollection.throwLazyInitializationException(AbstractPersistentCollection.java:602): failed to lazily initialize a collection of role: acme.entities.jobs.Descriptor.duties, could not initialize proxy - no Session
ERROR [org.apache.catalina.core.ContainerBase.[Tomcat].[localhost]] at org.springframework.web.servlet.FrameworkServlet.processRequest(FrameworkServlet.java:1013): Request processing failed; nested exception is org.apache.tiles.request.render.CannotRenderException: ServletException including path '/META-INF/views/framework/page.jsp'.
at org.apache.tiles.impl.BasicTilesContainer.render(BasicTilesContainer.java:399): ServletException including path '/META-INF/views/framework/page.jsp'.
at org.apache.tiles.request.servlet.ServletUtil.wrapServletException(ServletUtil.java:61): ServletException including path '/META-INF/views/framework/page.jsp'.
at org.hibernate.collection.internal.AbstractPersistentCollection.throwLazyInitializationException(AbstractPersistentCollection.java:602): failed to lazily initialize a collection of role: acme.entities.jobs.Descriptor.duties, could not initialize proxy - no Session
ERROR [org.apache.catalina.core.ContainerBase.[Tomcat].[localhost].[/acme-jobs].[jsp]] at acme.framework.helpers.ConversionHelper.convert(ConversionHelper.java:41): java.lang.AssertionError
ERROR [org.apache.catalina.core.ContainerBase.[Tomcat].[localhost].[/acme-jobs].[jsp]] at org.apache.tiles.request.servlet.ServletUtil.wrapServletException(ServletUtil.java:61): JSPException including path '../authenticated/job/form.jsp'.
at org.apache.jsp.tag.web.print_tag.doTag(print_tag.java:168): java.lang.AssertionError
at acme.framework.helpers.ConversionHelper.convert(ConversionHelper.java:41): java.lang.AssertionError
ERROR [org.apache.catalina.core.ContainerBase.[Tomcat].[localhost].[/acme-jobs].[dispatcherServlet]] at acme.framework.helpers.ConversionHelper.convert(ConversionHelper.java:41): java.lang.AssertionError
ERROR [org.apache.jsp.META_002dINF.views.framework.panic_jsp] HTTP GET /acme-jobs/master/panic HTTP/1.1
ERROR [org.apache.jsp.META_002dINF.views.framework.panic_jsp] Status: 500
ERROR [org.apache.jsp.META_002dINF.views.framework.panic_jsp] Exception: org.springframework.web.servlet.FrameworkServlet.processRequest(FrameworkServlet.java:1013): Request processing failed; nested exception is org.apache.tiles.request.render.CannotRenderException: JSPException including path '../authenticated/job/form.jsp'.
org.apache.tiles.impl.BasicTilesContainer.render(BasicTilesContainer.java:399): JSPException including path '../authenticated/job/form.jsp'.
org.apache.tiles.request.servlet.ServletUtil.wrapServletException(ServletUtil.java:61): JSPException including path '../authenticated/job/form.jsp'.
org.apache.jsp.tag.web.print_tag.doTag(print_tag.java:168): java.lang.AssertionError
java.lang.AssertionError
ERROR [org.apache.jsp.META_002dINF.views.framework.panic_jsp] HTTP GET /acme-jobs/META-INF/views/framework/page.jsp HTTP/1.1
ERROR [org.apache.jsp.META_002dINF.views.framework.panic_jsp] Status: 500
ERROR [org.apache.jsp.META_002dINF.views.framework.panic_jsp] Exception: java.lang.AssertionError
ERROR [org.apache.jsp.META_002dINF.views.framework.panic_jsp] HTTP GET /acme-jobs/META-INF/views/framework/page.jsp HTTP/1.1
ERROR [org.apache.jsp.META_002dINF.views.framework.panic_jsp] Status: 500
ERROR [org.apache.jsp.META_002dINF.views.framework.panic_jsp] Exception: java.lang.AssertionError
ERROR [org.apache.jsp.META_002dINF.views.framework.panic_jsp] HTTP GET /acme-jobs/META-INF/views/framework/page.jsp HTTP/1.1
ERROR [org.apache.jsp.META_002dINF.views.framework.panic_jsp] Status: 500
ERROR [org.apache.jsp.META_002dINF.views.framework.panic_jsp] Exception: java.lang.AssertionError
ERROR [org.apache.catalina.core.ContainerBase.[Tomcat].[localhost].[/acme-jobs].[jsp]] at org.springframework.core.convert.support.GenericConversionService.handleConverterNotFound(GenericConversionService.java:321): No converter found capable of converting from type [acme.entities.jobs.Duty] to type [java.lang.String]
ERROR [org.apache.catalina.core.ContainerBase.[Tomcat].[localhost].[/acme-jobs].[jsp]] at org.apache.tiles.request.servlet.ServletUtil.wrapServletException(ServletUtil.java:61): JSPException including path '../authenticated/job/form.jsp'.
at org.apache.jsp.tag.web.print_tag.doTag(print_tag.java:168): org.springframework.core.convert.ConversionFailedException: Failed to convert from type [org.hibernate.collection.internal.PersistentBag] to type [java.lang.String] for value '[acme.entities.jobs.Duty{id=69, version=0}, acme.entities.jobs.Duty{id=70, version=0}]'; nested exception is org.springframework.core.convert.ConverterNotFoundException: No converter found capable of converting from type [acme.entities.jobs.Duty] to type [java.lang.String]
at org.springframework.core.convert.support.ConversionUtils.invokeConverter(ConversionUtils.java:47): Failed to convert from type [org.hibernate.collection.internal.PersistentBag] to type [java.lang.String] for value '[acme.entities.jobs.Duty{id=69, version=0}, acme.entities.jobs.Duty{id=70, version=0}]'; nested exception is org.springframework.core.convert.ConverterNotFoundException: No converter found capable of converting from type [acme.entities.jobs.Duty] to type [java.lang.String]
at org.springframework.core.convert.support.GenericConversionService.handleConverterNotFound(GenericConversionService.java:321): No converter found capable of converting from type [acme.entities.jobs.Duty] to type [java.lang.String]
ERROR [org.apache.catalina.core.ContainerBase.[Tomcat].[localhost].[/acme-jobs].[dispatcherServlet]] at org.springframework.core.convert.support.GenericConversionService.handleConverterNotFound(GenericConversionService.java:321): No converter found capable of converting from type [acme.entities.jobs.Duty] to type [java.lang.String]
ERROR [org.apache.jsp.META_002dINF.views.framework.panic_jsp] HTTP GET /acme-jobs/master/panic HTTP/1.1
ERROR [org.apache.jsp.META_002dINF.views.framework.panic_jsp] Status: 500
ERROR [org.apache.jsp.META_002dINF.views.framework.panic_jsp] Exception: org.springframework.web.servlet.FrameworkServlet.processRequest(FrameworkServlet.java:1013): Request processing failed; nested exception is org.apache.tiles.request.render.CannotRenderException: JSPException including path '../authenticated/job/form.jsp'.
org.apache.tiles.impl.BasicTilesContainer.render(BasicTilesContainer.java:399): JSPException including path '../authenticated/job/form.jsp'.
org.apache.tiles.request.servlet.ServletUtil.wrapServletException(ServletUtil.java:61): JSPException including path '../authenticated/job/form.jsp'.
org.apache.jsp.tag.web.print_tag.doTag(print_tag.java:168): org.springframework.core.convert.ConversionFailedException: Failed to convert from type [org.hibernate.collection.internal.PersistentBag] to type [java.lang.String] for value '[acme.entities.jobs.Duty{id=69, version=0}, acme.entities.jobs.Duty{id=70, version=0}]'; nested exception is org.springframework.core.convert.ConverterNotFoundException: No converter found capable of converting from type [acme.entities.jobs.Duty] to type [java.lang.String]
org.springframework.core.convert.support.ConversionUtils.invokeConverter(ConversionUtils.java:47): Failed to convert from type [org.hibernate.collection.internal.PersistentBag] to type [java.lang.String] for value '[acme.entities.jobs.Duty{id=69, version=0}, acme.entities.jobs.Duty{id=70, version=0}]'; nested exception is org.springframework.core.convert.ConverterNotFoundException: No converter found capable of converting from type [acme.entities.jobs.Duty] to type [java.lang.String]
org.springframework.core.convert.support.GenericConversionService.handleConverterNotFound(GenericConversionService.java:321): No converter found capable of converting from type [acme.entities.jobs.Duty] to type [java.lang.String]
ERROR [org.apache.catalina.util.LifecycleBase] at org.apache.catalina.connector.Connector.startInternal(Connector.java:1008): Protocol handler start failed
at sun.nio.ch.Net.bind0(Native Method): Address already in use: bind
ERROR [org.springframework.boot.diagnostics.LoggingFailureAnalysisReporter] ***************************
APPLICATION FAILED TO START
***************************
Description:
The Tomcat connector configured to listen on port 8080 failed to start. The port may already be in use or the connector may be misconfigured.
Action:
Verify the connector's configuration, identify and stop any process that's listening on port 8080, or configure this application to listen on another port.
ERROR [org.apache.jsp.META_002dINF.views.framework.panic_jsp] HTTP GET /acme-jobs/META-INF/views/framework/page.jsp HTTP/1.1
ERROR [org.apache.jsp.META_002dINF.views.framework.panic_jsp] Status: 500
ERROR [org.apache.jsp.META_002dINF.views.framework.panic_jsp] Exception: acme.framework.helpers.Assert.state(Assert.java:40): Acceso no autorizado
ERROR [org.apache.catalina.util.LifecycleBase] at org.apache.catalina.connector.Connector.startInternal(Connector.java:1008): Protocol handler start failed
at sun.nio.ch.Net.bind0(Native Method): Address already in use: bind
ERROR [org.springframework.boot.diagnostics.LoggingFailureAnalysisReporter] ***************************
APPLICATION FAILED TO START
***************************
Description:
The Tomcat connector configured to listen on port 8080 failed to start. The port may already be in use or the connector may be misconfigured.
Action:
Verify the connector's configuration, identify and stop any process that's listening on port 8080, or configure this application to listen on another port.
ERROR [org.apache.catalina.core.ContainerBase.[Tomcat].[localhost].[/acme-jobs].[jsp]] at org.springframework.core.convert.support.GenericConversionService.handleConverterNotFound(GenericConversionService.java:321): No converter found capable of converting from type [acme.entities.jobs.Duty] to type [java.lang.String]
ERROR [org.apache.catalina.core.ContainerBase.[Tomcat].[localhost].[/acme-jobs].[jsp]] at org.apache.tiles.request.servlet.ServletUtil.wrapServletException(ServletUtil.java:61): JSPException including path '../authenticated/job/form.jsp'.
at org.apache.jsp.tag.web.print_tag.doTag(print_tag.java:168): org.springframework.core.convert.ConversionFailedException: Failed to convert from type [org.hibernate.collection.internal.PersistentBag] to type [java.lang.String] for value '[acme.entities.jobs.Duty{id=73, version=0}, acme.entities.jobs.Duty{id=74, version=0}]'; nested exception is org.springframework.core.convert.ConverterNotFoundException: No converter found capable of converting from type [acme.entities.jobs.Duty] to type [java.lang.String]
at org.springframework.core.convert.support.ConversionUtils.invokeConverter(ConversionUtils.java:47): Failed to convert from type [org.hibernate.collection.internal.PersistentBag] to type [java.lang.String] for value '[acme.entities.jobs.Duty{id=73, version=0}, acme.entities.jobs.Duty{id=74, version=0}]'; nested exception is org.springframework.core.convert.ConverterNotFoundException: No converter found capable of converting from type [acme.entities.jobs.Duty] to type [java.lang.String]
at org.springframework.core.convert.support.GenericConversionService.handleConverterNotFound(GenericConversionService.java:321): No converter found capable of converting from type [acme.entities.jobs.Duty] to type [java.lang.String]
ERROR [org.apache.catalina.core.ContainerBase.[Tomcat].[localhost].[/acme-jobs].[dispatcherServlet]] at org.springframework.core.convert.support.GenericConversionService.handleConverterNotFound(GenericConversionService.java:321): No converter found capable of converting from type [acme.entities.jobs.Duty] to type [java.lang.String]
ERROR [org.apache.jsp.META_002dINF.views.framework.panic_jsp] HTTP GET /acme-jobs/master/panic HTTP/1.1
ERROR [org.apache.jsp.META_002dINF.views.framework.panic_jsp] Status: 500
ERROR [org.apache.jsp.META_002dINF.views.framework.panic_jsp] Exception: org.springframework.web.servlet.FrameworkServlet.processRequest(FrameworkServlet.java:1013): Request processing failed; nested exception is org.apache.tiles.request.render.CannotRenderException: JSPException including path '../authenticated/job/form.jsp'.
org.apache.tiles.impl.BasicTilesContainer.render(BasicTilesContainer.java:399): JSPException including path '../authenticated/job/form.jsp'.
org.apache.tiles.request.servlet.ServletUtil.wrapServletException(ServletUtil.java:61): JSPException including path '../authenticated/job/form.jsp'.
org.apache.jsp.tag.web.print_tag.doTag(print_tag.java:168): org.springframework.core.convert.ConversionFailedException: Failed to convert from type [org.hibernate.collection.internal.PersistentBag] to type [java.lang.String] for value '[acme.entities.jobs.Duty{id=73, version=0}, acme.entities.jobs.Duty{id=74, version=0}]'; nested exception is org.springframework.core.convert.ConverterNotFoundException: No converter found capable of converting from type [acme.entities.jobs.Duty] to type [java.lang.String]
org.springframework.core.convert.support.ConversionUtils.invokeConverter(ConversionUtils.java:47): Failed to convert from type [org.hibernate.collection.internal.PersistentBag] to type [java.lang.String] for value '[acme.entities.jobs.Duty{id=73, version=0}, acme.entities.jobs.Duty{id=74, version=0}]'; nested exception is org.springframework.core.convert.ConverterNotFoundException: No converter found capable of converting from type [acme.entities.jobs.Duty] to type [java.lang.String]
org.springframework.core.convert.support.GenericConversionService.handleConverterNotFound(GenericConversionService.java:321): No converter found capable of converting from type [acme.entities.jobs.Duty] to type [java.lang.String]
ERROR [org.apache.catalina.core.ContainerBase.[Tomcat].[localhost].[/acme-jobs].[jsp]] at org.springframework.core.convert.support.GenericConversionService.handleConverterNotFound(GenericConversionService.java:321): No converter found capable of converting from type [acme.entities.jobs.Duty] to type [java.lang.String]
ERROR [org.apache.catalina.core.ContainerBase.[Tomcat].[localhost].[/acme-jobs].[jsp]] at org.apache.tiles.request.servlet.ServletUtil.wrapServletException(ServletUtil.java:61): JSPException including path '../authenticated/job/form.jsp'.
at org.apache.jsp.tag.web.print_tag.doTag(print_tag.java:168): org.springframework.core.convert.ConversionFailedException: Failed to convert from type [org.hibernate.collection.internal.PersistentBag] to type [java.lang.String] for value '[acme.entities.jobs.Duty{id=73, version=0}, acme.entities.jobs.Duty{id=74, version=0}]'; nested exception is org.springframework.core.convert.ConverterNotFoundException: No converter found capable of converting from type [acme.entities.jobs.Duty] to type [java.lang.String]
at org.springframework.core.convert.support.ConversionUtils.invokeConverter(ConversionUtils.java:47): Failed to convert from type [org.hibernate.collection.internal.PersistentBag] to type [java.lang.String] for value '[acme.entities.jobs.Duty{id=73, version=0}, acme.entities.jobs.Duty{id=74, version=0}]'; nested exception is org.springframework.core.convert.ConverterNotFoundException: No converter found capable of converting from type [acme.entities.jobs.Duty] to type [java.lang.String]
at org.springframework.core.convert.support.GenericConversionService.handleConverterNotFound(GenericConversionService.java:321): No converter found capable of converting from type [acme.entities.jobs.Duty] to type [java.lang.String]
ERROR [org.apache.catalina.core.ContainerBase.[Tomcat].[localhost].[/acme-jobs].[dispatcherServlet]] at org.springframework.core.convert.support.GenericConversionService.handleConverterNotFound(GenericConversionService.java:321): No converter found capable of converting from type [acme.entities.jobs.Duty] to type [java.lang.String]
ERROR [org.apache.jsp.META_002dINF.views.framework.panic_jsp] HTTP GET /acme-jobs/master/panic HTTP/1.1
ERROR [org.apache.jsp.META_002dINF.views.framework.panic_jsp] Status: 500
ERROR [org.apache.jsp.META_002dINF.views.framework.panic_jsp] Exception: org.springframework.web.servlet.FrameworkServlet.processRequest(FrameworkServlet.java:1013): Request processing failed; nested exception is org.apache.tiles.request.render.CannotRenderException: JSPException including path '../authenticated/job/form.jsp'.
org.apache.tiles.impl.BasicTilesContainer.render(BasicTilesContainer.java:399): JSPException including path '../authenticated/job/form.jsp'.
org.apache.tiles.request.servlet.ServletUtil.wrapServletException(ServletUtil.java:61): JSPException including path '../authenticated/job/form.jsp'.
org.apache.jsp.tag.web.print_tag.doTag(print_tag.java:168): org.springframework.core.convert.ConversionFailedException: Failed to convert from type [org.hibernate.collection.internal.PersistentBag] to type [java.lang.String] for value '[acme.entities.jobs.Duty{id=73, version=0}, acme.entities.jobs.Duty{id=74, version=0}]'; nested exception is org.springframework.core.convert.ConverterNotFoundException: No converter found capable of converting from type [acme.entities.jobs.Duty] to type [java.lang.String]
org.springframework.core.convert.support.ConversionUtils.invokeConverter(ConversionUtils.java:47): Failed to convert from type [org.hibernate.collection.internal.PersistentBag] to type [java.lang.String] for value '[acme.entities.jobs.Duty{id=73, version=0}, acme.entities.jobs.Duty{id=74, version=0}]'; nested exception is org.springframework.core.convert.ConverterNotFoundException: No converter found capable of converting from type [acme.entities.jobs.Duty] to type [java.lang.String]
org.springframework.core.convert.support.GenericConversionService.handleConverterNotFound(GenericConversionService.java:321): No converter found capable of converting from type [acme.entities.jobs.Duty] to type [java.lang.String]
ERROR [org.apache.catalina.core.ContainerBase.[Tomcat].[localhost].[/acme-jobs].[jsp]] at org.springframework.core.convert.support.GenericConversionService.handleConverterNotFound(GenericConversionService.java:321): No converter found capable of converting from type [acme.entities.jobs.Duty] to type [java.lang.String]
ERROR [org.apache.catalina.core.ContainerBase.[Tomcat].[localhost].[/acme-jobs].[jsp]] at org.apache.tiles.request.servlet.ServletUtil.wrapServletException(ServletUtil.java:61): JSPException including path '../authenticated/job/form.jsp'.
at org.apache.jsp.tag.web.print_tag.doTag(print_tag.java:168): org.springframework.core.convert.ConversionFailedException: Failed to convert from type [org.hibernate.collection.internal.PersistentBag] to type [java.lang.String] for value '[acme.entities.jobs.Duty{id=73, version=0}, acme.entities.jobs.Duty{id=74, version=0}]'; nested exception is org.springframework.core.convert.ConverterNotFoundException: No converter found capable of converting from type [acme.entities.jobs.Duty] to type [java.lang.String]
at org.springframework.core.convert.support.ConversionUtils.invokeConverter(ConversionUtils.java:47): Failed to convert from type [org.hibernate.collection.internal.PersistentBag] to type [java.lang.String] for value '[acme.entities.jobs.Duty{id=73, version=0}, acme.entities.jobs.Duty{id=74, version=0}]'; nested exception is org.springframework.core.convert.ConverterNotFoundException: No converter found capable of converting from type [acme.entities.jobs.Duty] to type [java.lang.String]
at org.springframework.core.convert.support.GenericConversionService.handleConverterNotFound(GenericConversionService.java:321): No converter found capable of converting from type [acme.entities.jobs.Duty] to type [java.lang.String]
ERROR [org.apache.catalina.core.ContainerBase.[Tomcat].[localhost].[/acme-jobs].[dispatcherServlet]] at org.springframework.core.convert.support.GenericConversionService.handleConverterNotFound(GenericConversionService.java:321): No converter found capable of converting from type [acme.entities.jobs.Duty] to type [java.lang.String]
ERROR [org.apache.jsp.META_002dINF.views.framework.panic_jsp] HTTP GET /acme-jobs/master/panic HTTP/1.1
ERROR [org.apache.jsp.META_002dINF.views.framework.panic_jsp] Status: 500
ERROR [org.apache.jsp.META_002dINF.views.framework.panic_jsp] Exception: org.springframework.web.servlet.FrameworkServlet.processRequest(FrameworkServlet.java:1013): Request processing failed; nested exception is org.apache.tiles.request.render.CannotRenderException: JSPException including path '../authenticated/job/form.jsp'.
org.apache.tiles.impl.BasicTilesContainer.render(BasicTilesContainer.java:399): JSPException including path '../authenticated/job/form.jsp'.
org.apache.tiles.request.servlet.ServletUtil.wrapServletException(ServletUtil.java:61): JSPException including path '../authenticated/job/form.jsp'.
org.apache.jsp.tag.web.print_tag.doTag(print_tag.java:168): org.springframework.core.convert.ConversionFailedException: Failed to convert from type [org.hibernate.collection.internal.PersistentBag] to type [java.lang.String] for value '[acme.entities.jobs.Duty{id=73, version=0}, acme.entities.jobs.Duty{id=74, version=0}]'; nested exception is org.springframework.core.convert.ConverterNotFoundException: No converter found capable of converting from type [acme.entities.jobs.Duty] to type [java.lang.String]
org.springframework.core.convert.support.ConversionUtils.invokeConverter(ConversionUtils.java:47): Failed to convert from type [org.hibernate.collection.internal.PersistentBag] to type [java.lang.String] for value '[acme.entities.jobs.Duty{id=73, version=0}, acme.entities.jobs.Duty{id=74, version=0}]'; nested exception is org.springframework.core.convert.ConverterNotFoundException: No converter found capable of converting from type [acme.entities.jobs.Duty] to type [java.lang.String]
org.springframework.core.convert.support.GenericConversionService.handleConverterNotFound(GenericConversionService.java:321): No converter found capable of converting from type [acme.entities.jobs.Duty] to type [java.lang.String]
ERROR [org.apache.catalina.core.ContainerBase.[Tomcat].[localhost].[/acme-jobs].[jsp]] at org.springframework.core.convert.support.GenericConversionService.handleConverterNotFound(GenericConversionService.java:321): No converter found capable of converting from type [acme.entities.jobs.Duty] to type [java.lang.String]
ERROR [org.apache.catalina.core.ContainerBase.[Tomcat].[localhost].[/acme-jobs].[jsp]] at org.apache.tiles.request.servlet.ServletUtil.wrapServletException(ServletUtil.java:61): JSPException including path '../authenticated/job/form.jsp'.
at org.apache.jsp.tag.web.print_tag.doTag(print_tag.java:168): org.springframework.core.convert.ConversionFailedException: Failed to convert from type [org.hibernate.collection.internal.PersistentBag] to type [java.lang.String] for value '[acme.entities.jobs.Duty{id=77, version=0}, acme.entities.jobs.Duty{id=78, version=0}]'; nested exception is org.springframework.core.convert.ConverterNotFoundException: No converter found capable of converting from type [acme.entities.jobs.Duty] to type [java.lang.String]
at org.springframework.core.convert.support.ConversionUtils.invokeConverter(ConversionUtils.java:47): Failed to convert from type [org.hibernate.collection.internal.PersistentBag] to type [java.lang.String] for value '[acme.entities.jobs.Duty{id=77, version=0}, acme.entities.jobs.Duty{id=78, version=0}]'; nested exception is org.springframework.core.convert.ConverterNotFoundException: No converter found capable of converting from type [acme.entities.jobs.Duty] to type [java.lang.String]
at org.springframework.core.convert.support.GenericConversionService.handleConverterNotFound(GenericConversionService.java:321): No converter found capable of converting from type [acme.entities.jobs.Duty] to type [java.lang.String]
ERROR [org.apache.catalina.core.ContainerBase.[Tomcat].[localhost].[/acme-jobs].[dispatcherServlet]] at org.springframework.core.convert.support.GenericConversionService.handleConverterNotFound(GenericConversionService.java:321): No converter found capable of converting from type [acme.entities.jobs.Duty] to type [java.lang.String]
ERROR [org.apache.jsp.META_002dINF.views.framework.panic_jsp] HTTP GET /acme-jobs/master/panic HTTP/1.1
ERROR [org.apache.jsp.META_002dINF.views.framework.panic_jsp] Status: 500
ERROR [org.apache.jsp.META_002dINF.views.framework.panic_jsp] Exception: org.springframework.web.servlet.FrameworkServlet.processRequest(FrameworkServlet.java:1013): Request processing failed; nested exception is org.apache.tiles.request.render.CannotRenderException: JSPException including path '../authenticated/job/form.jsp'.
org.apache.tiles.impl.BasicTilesContainer.render(BasicTilesContainer.java:399): JSPException including path '../authenticated/job/form.jsp'.
org.apache.tiles.request.servlet.ServletUtil.wrapServletException(ServletUtil.java:61): JSPException including path '../authenticated/job/form.jsp'.
org.apache.jsp.tag.web.print_tag.doTag(print_tag.java:168): org.springframework.core.convert.ConversionFailedException: Failed to convert from type [org.hibernate.collection.internal.PersistentBag] to type [java.lang.String] for value '[acme.entities.jobs.Duty{id=77, version=0}, acme.entities.jobs.Duty{id=78, version=0}]'; nested exception is org.springframework.core.convert.ConverterNotFoundException: No converter found capable of converting from type [acme.entities.jobs.Duty] to type [java.lang.String]
org.springframework.core.convert.support.ConversionUtils.invokeConverter(ConversionUtils.java:47): Failed to convert from type [org.hibernate.collection.internal.PersistentBag] to type [java.lang.String] for value '[acme.entities.jobs.Duty{id=77, version=0}, acme.entities.jobs.Duty{id=78, version=0}]'; nested exception is org.springframework.core.convert.ConverterNotFoundException: No converter found capable of converting from type [acme.entities.jobs.Duty] to type [java.lang.String]
org.springframework.core.convert.support.GenericConversionService.handleConverterNotFound(GenericConversionService.java:321): No converter found capable of converting from type [acme.entities.jobs.Duty] to type [java.lang.String]
ERROR [org.apache.catalina.core.ContainerBase.[Tomcat].[localhost].[/acme-jobs].[jsp]] at org.springframework.core.convert.support.GenericConversionService.handleConverterNotFound(GenericConversionService.java:321): No converter found capable of converting from type [acme.entities.jobs.Duty] to type [java.lang.String]
ERROR [org.apache.catalina.core.ContainerBase.[Tomcat].[localhost].[/acme-jobs].[jsp]] at org.apache.tiles.request.servlet.ServletUtil.wrapServletException(ServletUtil.java:61): JSPException including path '../authenticated/job/form.jsp'.
at org.apache.jsp.tag.web.print_tag.doTag(print_tag.java:168): org.springframework.core.convert.ConversionFailedException: Failed to convert from type [org.hibernate.collection.internal.PersistentBag] to type [java.lang.String] for value '[acme.entities.jobs.Duty{id=77, version=0}, acme.entities.jobs.Duty{id=78, version=0}]'; nested exception is org.springframework.core.convert.ConverterNotFoundException: No converter found capable of converting from type [acme.entities.jobs.Duty] to type [java.lang.String]
at org.springframework.core.convert.support.ConversionUtils.invokeConverter(ConversionUtils.java:47): Failed to convert from type [org.hibernate.collection.internal.PersistentBag] to type [java.lang.String] for value '[acme.entities.jobs.Duty{id=77, version=0}, acme.entities.jobs.Duty{id=78, version=0}]'; nested exception is org.springframework.core.convert.ConverterNotFoundException: No converter found capable of converting from type [acme.entities.jobs.Duty] to type [java.lang.String]
at org.springframework.core.convert.support.GenericConversionService.handleConverterNotFound(GenericConversionService.java:321): No converter found capable of converting from type [acme.entities.jobs.Duty] to type [java.lang.String]
ERROR [org.apache.catalina.core.ContainerBase.[Tomcat].[localhost].[/acme-jobs].[dispatcherServlet]] at org.springframework.core.convert.support.GenericConversionService.handleConverterNotFound(GenericConversionService.java:321): No converter found capable of converting from type [acme.entities.jobs.Duty] to type [java.lang.String]
ERROR [org.apache.jsp.META_002dINF.views.framework.panic_jsp] HTTP GET /acme-jobs/master/panic HTTP/1.1
ERROR [org.apache.jsp.META_002dINF.views.framework.panic_jsp] Status: 500
ERROR [org.apache.jsp.META_002dINF.views.framework.panic_jsp] Exception: org.springframework.web.servlet.FrameworkServlet.processRequest(FrameworkServlet.java:1013): Request processing failed; nested exception is org.apache.tiles.request.render.CannotRenderException: JSPException including path '../authenticated/job/form.jsp'.
org.apache.tiles.impl.BasicTilesContainer.render(BasicTilesContainer.java:399): JSPException including path '../authenticated/job/form.jsp'.
org.apache.tiles.request.servlet.ServletUtil.wrapServletException(ServletUtil.java:61): JSPException including path '../authenticated/job/form.jsp'.
org.apache.jsp.tag.web.print_tag.doTag(print_tag.java:168): org.springframework.core.convert.ConversionFailedException: Failed to convert from type [org.hibernate.collection.internal.PersistentBag] to type [java.lang.String] for value '[acme.entities.jobs.Duty{id=77, version=0}, acme.entities.jobs.Duty{id=78, version=0}]'; nested exception is org.springframework.core.convert.ConverterNotFoundException: No converter found capable of converting from type [acme.entities.jobs.Duty] to type [java.lang.String]
org.springframework.core.convert.support.ConversionUtils.invokeConverter(ConversionUtils.java:47): Failed to convert from type [org.hibernate.collection.internal.PersistentBag] to type [java.lang.String] for value '[acme.entities.jobs.Duty{id=77, version=0}, acme.entities.jobs.Duty{id=78, version=0}]'; nested exception is org.springframework.core.convert.ConverterNotFoundException: No converter found capable of converting from type [acme.entities.jobs.Duty] to type [java.lang.String]
org.springframework.core.convert.support.GenericConversionService.handleConverterNotFound(GenericConversionService.java:321): No converter found capable of converting from type [acme.entities.jobs.Duty] to type [java.lang.String]
ERROR [org.apache.catalina.util.LifecycleBase] at org.apache.catalina.connector.Connector.startInternal(Connector.java:1008): Protocol handler start failed
at sun.nio.ch.Net.bind0(Native Method): Address already in use: bind
ERROR [org.springframework.boot.diagnostics.LoggingFailureAnalysisReporter] ***************************
APPLICATION FAILED TO START
***************************
Description:
The Tomcat connector configured to listen on port 8080 failed to start. The port may already be in use or the connector may be misconfigured.
Action:
Verify the connector's configuration, identify and stop any process that's listening on port 8080, or configure this application to listen on another port.
ERROR [org.apache.jsp.META_002dINF.views.framework.panic_jsp] HTTP GET /acme-jobs/META-INF/views/framework/page.jsp HTTP/1.1
ERROR [org.apache.jsp.META_002dINF.views.framework.panic_jsp] Status: 500
ERROR [org.apache.jsp.META_002dINF.views.framework.panic_jsp] Exception: java.lang.AssertionError
ERROR [org.apache.catalina.util.LifecycleBase] at org.apache.catalina.connector.Connector.startInternal(Connector.java:1008): Protocol handler start failed
at sun.nio.ch.Net.bind0(Native Method): Address already in use: bind
ERROR [org.springframework.boot.diagnostics.LoggingFailureAnalysisReporter] ***************************
APPLICATION FAILED TO START
***************************
Description:
The Tomcat connector configured to listen on port 8080 failed to start. The port may already be in use or the connector may be misconfigured.
Action:
Verify the connector's configuration, identify and stop any process that's listening on port 8080, or configure this application to listen on another port.
ERROR [org.apache.jsp.META_002dINF.views.framework.panic_jsp] HTTP GET /acme-jobs/META-INF/views/framework/page.jsp HTTP/1.1
ERROR [org.apache.jsp.META_002dINF.views.framework.panic_jsp] Status: 500
ERROR [org.apache.jsp.META_002dINF.views.framework.panic_jsp] Exception: java.lang.AssertionError
ERROR [org.apache.jsp.META_002dINF.views.framework.panic_jsp] HTTP GET /acme-jobs/META-INF/views/framework/page.jsp HTTP/1.1
ERROR [org.apache.jsp.META_002dINF.views.framework.panic_jsp] Status: 500
ERROR [org.apache.jsp.META_002dINF.views.framework.panic_jsp] Exception: java.lang.AssertionError
ERROR [org.apache.catalina.core.ContainerBase.[Tomcat].[localhost].[/acme-jobs].[jsp]] at org.springframework.core.convert.support.GenericConversionService.handleConverterNotFound(GenericConversionService.java:321): No converter found capable of converting from type [acme.entities.jobs.Duty] to type [java.lang.String]
ERROR [org.apache.catalina.core.ContainerBase.[Tomcat].[localhost].[/acme-jobs].[jsp]] at org.apache.tiles.request.servlet.ServletUtil.wrapServletException(ServletUtil.java:61): JSPException including path '../authenticated/job/form.jsp'.
at org.apache.jsp.tag.web.print_tag.doTag(print_tag.java:168): org.springframework.core.convert.ConversionFailedException: Failed to convert from type [org.hibernate.collection.internal.PersistentBag] to type [java.lang.String] for value '[acme.entities.jobs.Duty{id=73, version=0}, acme.entities.jobs.Duty{id=74, version=0}]'; nested exception is org.springframework.core.convert.ConverterNotFoundException: No converter found capable of converting from type [acme.entities.jobs.Duty] to type [java.lang.String]
at org.springframework.core.convert.support.ConversionUtils.invokeConverter(ConversionUtils.java:47): Failed to convert from type [org.hibernate.collection.internal.PersistentBag] to type [java.lang.String] for value '[acme.entities.jobs.Duty{id=73, version=0}, acme.entities.jobs.Duty{id=74, version=0}]'; nested exception is org.springframework.core.convert.ConverterNotFoundException: No converter found capable of converting from type [acme.entities.jobs.Duty] to type [java.lang.String]
at org.springframework.core.convert.support.GenericConversionService.handleConverterNotFound(GenericConversionService.java:321): No converter found capable of converting from type [acme.entities.jobs.Duty] to type [java.lang.String]
ERROR [org.apache.catalina.core.ContainerBase.[Tomcat].[localhost].[/acme-jobs].[dispatcherServlet]] at org.springframework.core.convert.support.GenericConversionService.handleConverterNotFound(GenericConversionService.java:321): No converter found capable of converting from type [acme.entities.jobs.Duty] to type [java.lang.String]
ERROR [org.apache.jsp.META_002dINF.views.framework.panic_jsp] HTTP GET /acme-jobs/master/panic HTTP/1.1
ERROR [org.apache.jsp.META_002dINF.views.framework.panic_jsp] Status: 500
ERROR [org.apache.jsp.META_002dINF.views.framework.panic_jsp] Exception: org.springframework.web.servlet.FrameworkServlet.processRequest(FrameworkServlet.java:1013): Request processing failed; nested exception is org.apache.tiles.request.render.CannotRenderException: JSPException including path '../authenticated/job/form.jsp'.
org.apache.tiles.impl.BasicTilesContainer.render(BasicTilesContainer.java:399): JSPException including path '../authenticated/job/form.jsp'.
org.apache.tiles.request.servlet.ServletUtil.wrapServletException(ServletUtil.java:61): JSPException including path '../authenticated/job/form.jsp'.
org.apache.jsp.tag.web.print_tag.doTag(print_tag.java:168): org.springframework.core.convert.ConversionFailedException: Failed to convert from type [org.hibernate.collection.internal.PersistentBag] to type [java.lang.String] for value '[acme.entities.jobs.Duty{id=73, version=0}, acme.entities.jobs.Duty{id=74, version=0}]'; nested exception is org.springframework.core.convert.ConverterNotFoundException: No converter found capable of converting from type [acme.entities.jobs.Duty] to type [java.lang.String]
org.springframework.core.convert.support.ConversionUtils.invokeConverter(ConversionUtils.java:47): Failed to convert from type [org.hibernate.collection.internal.PersistentBag] to type [java.lang.String] for value '[acme.entities.jobs.Duty{id=73, version=0}, acme.entities.jobs.Duty{id=74, version=0}]'; nested exception is org.springframework.core.convert.ConverterNotFoundException: No converter found capable of converting from type [acme.entities.jobs.Duty] to type [java.lang.String]
org.springframework.core.convert.support.GenericConversionService.handleConverterNotFound(GenericConversionService.java:321): No converter found capable of converting from type [acme.entities.jobs.Duty] to type [java.lang.String]
ERROR [org.apache.catalina.core.ContainerBase.[Tomcat].[localhost].[/acme-jobs].[jsp]] at org.springframework.core.convert.support.GenericConversionService.handleConverterNotFound(GenericConversionService.java:321): No converter found capable of converting from type [acme.entities.jobs.Duty] to type [java.lang.String]
ERROR [org.apache.catalina.core.ContainerBase.[Tomcat].[localhost].[/acme-jobs].[jsp]] at org.apache.tiles.request.servlet.ServletUtil.wrapServletException(ServletUtil.java:61): JSPException including path '../authenticated/job/form.jsp'.
at org.apache.jsp.tag.web.print_tag.doTag(print_tag.java:168): org.springframework.core.convert.ConversionFailedException: Failed to convert from type [org.hibernate.collection.internal.PersistentBag] to type [java.lang.String] for value '[acme.entities.jobs.Duty{id=73, version=0}, acme.entities.jobs.Duty{id=74, version=0}]'; nested exception is org.springframework.core.convert.ConverterNotFoundException: No converter found capable of converting from type [acme.entities.jobs.Duty] to type [java.lang.String]
at org.springframework.core.convert.support.ConversionUtils.invokeConverter(ConversionUtils.java:47): Failed to convert from type [org.hibernate.collection.internal.PersistentBag] to type [java.lang.String] for value '[acme.entities.jobs.Duty{id=73, version=0}, acme.entities.jobs.Duty{id=74, version=0}]'; nested exception is org.springframework.core.convert.ConverterNotFoundException: No converter found capable of converting from type [acme.entities.jobs.Duty] to type [java.lang.String]
at org.springframework.core.convert.support.GenericConversionService.handleConverterNotFound(GenericConversionService.java:321): No converter found capable of converting from type [acme.entities.jobs.Duty] to type [java.lang.String]
ERROR [org.apache.catalina.core.ContainerBase.[Tomcat].[localhost].[/acme-jobs].[dispatcherServlet]] at org.springframework.core.convert.support.GenericConversionService.handleConverterNotFound(GenericConversionService.java:321): No converter found capable of converting from type [acme.entities.jobs.Duty] to type [java.lang.String]
ERROR [org.apache.jsp.META_002dINF.views.framework.panic_jsp] HTTP GET /acme-jobs/master/panic HTTP/1.1
ERROR [org.apache.jsp.META_002dINF.views.framework.panic_jsp] Status: 500
ERROR [org.apache.jsp.META_002dINF.views.framework.panic_jsp] Exception: org.springframework.web.servlet.FrameworkServlet.processRequest(FrameworkServlet.java:1013): Request processing failed; nested exception is org.apache.tiles.request.render.CannotRenderException: JSPException including path '../authenticated/job/form.jsp'.
org.apache.tiles.impl.BasicTilesContainer.render(BasicTilesContainer.java:399): JSPException including path '../authenticated/job/form.jsp'.
org.apache.tiles.request.servlet.ServletUtil.wrapServletException(ServletUtil.java:61): JSPException including path '../authenticated/job/form.jsp'.
org.apache.jsp.tag.web.print_tag.doTag(print_tag.java:168): org.springframework.core.convert.ConversionFailedException: Failed to convert from type [org.hibernate.collection.internal.PersistentBag] to type [java.lang.String] for value '[acme.entities.jobs.Duty{id=73, version=0}, acme.entities.jobs.Duty{id=74, version=0}]'; nested exception is org.springframework.core.convert.ConverterNotFoundException: No converter found capable of converting from type [acme.entities.jobs.Duty] to type [java.lang.String]
org.springframework.core.convert.support.ConversionUtils.invokeConverter(ConversionUtils.java:47): Failed to convert from type [org.hibernate.collection.internal.PersistentBag] to type [java.lang.String] for value '[acme.entities.jobs.Duty{id=73, version=0}, acme.entities.jobs.Duty{id=74, version=0}]'; nested exception is org.springframework.core.convert.ConverterNotFoundException: No converter found capable of converting from type [acme.entities.jobs.Duty] to type [java.lang.String]
org.springframework.core.convert.support.GenericConversionService.handleConverterNotFound(GenericConversionService.java:321): No converter found capable of converting from type [acme.entities.jobs.Duty] to type [java.lang.String]
ERROR [org.apache.catalina.core.ContainerBase.[Tomcat].[localhost].[/acme-jobs].[jsp]] at org.springframework.core.convert.support.GenericConversionService.handleConverterNotFound(GenericConversionService.java:321): No converter found capable of converting from type [acme.entities.jobs.Duty] to type [java.lang.String]
ERROR [org.apache.catalina.core.ContainerBase.[Tomcat].[localhost].[/acme-jobs].[jsp]] at org.apache.tiles.request.servlet.ServletUtil.wrapServletException(ServletUtil.java:61): JSPException including path '../authenticated/job/form.jsp'.
at org.apache.jsp.tag.web.print_tag.doTag(print_tag.java:168): org.springframework.core.convert.ConversionFailedException: Failed to convert from type [org.hibernate.collection.internal.PersistentBag] to type [java.lang.String] for value '[acme.entities.jobs.Duty{id=73, version=0}, acme.entities.jobs.Duty{id=74, version=0}]'; nested exception is org.springframework.core.convert.ConverterNotFoundException: No converter found capable of converting from type [acme.entities.jobs.Duty] to type [java.lang.String]
at org.springframework.core.convert.support.ConversionUtils.invokeConverter(ConversionUtils.java:47): Failed to convert from type [org.hibernate.collection.internal.PersistentBag] to type [java.lang.String] for value '[acme.entities.jobs.Duty{id=73, version=0}, acme.entities.jobs.Duty{id=74, version=0}]'; nested exception is org.springframework.core.convert.ConverterNotFoundException: No converter found capable of converting from type [acme.entities.jobs.Duty] to type [java.lang.String]
at org.springframework.core.convert.support.GenericConversionService.handleConverterNotFound(GenericConversionService.java:321): No converter found capable of converting from type [acme.entities.jobs.Duty] to type [java.lang.String]
ERROR [org.apache.catalina.core.ContainerBase.[Tomcat].[localhost].[/acme-jobs].[dispatcherServlet]] at org.springframework.core.convert.support.GenericConversionService.handleConverterNotFound(GenericConversionService.java:321): No converter found capable of converting from type [acme.entities.jobs.Duty] to type [java.lang.String]
ERROR [org.apache.jsp.META_002dINF.views.framework.panic_jsp] HTTP GET /acme-jobs/master/panic HTTP/1.1
ERROR [org.apache.jsp.META_002dINF.views.framework.panic_jsp] Status: 500
ERROR [org.apache.jsp.META_002dINF.views.framework.panic_jsp] Exception: org.springframework.web.servlet.FrameworkServlet.processRequest(FrameworkServlet.java:1013): Request processing failed; nested exception is org.apache.tiles.request.render.CannotRenderException: JSPException including path '../authenticated/job/form.jsp'.
org.apache.tiles.impl.BasicTilesContainer.render(BasicTilesContainer.java:399): JSPException including path '../authenticated/job/form.jsp'.
org.apache.tiles.request.servlet.ServletUtil.wrapServletException(ServletUtil.java:61): JSPException including path '../authenticated/job/form.jsp'.
org.apache.jsp.tag.web.print_tag.doTag(print_tag.java:168): org.springframework.core.convert.ConversionFailedException: Failed to convert from type [org.hibernate.collection.internal.PersistentBag] to type [java.lang.String] for value '[acme.entities.jobs.Duty{id=73, version=0}, acme.entities.jobs.Duty{id=74, version=0}]'; nested exception is org.springframework.core.convert.ConverterNotFoundException: No converter found capable of converting from type [acme.entities.jobs.Duty] to type [java.lang.String]
org.springframework.core.convert.support.ConversionUtils.invokeConverter(ConversionUtils.java:47): Failed to convert from type [org.hibernate.collection.internal.PersistentBag] to type [java.lang.String] for value '[acme.entities.jobs.Duty{id=73, version=0}, acme.entities.jobs.Duty{id=74, version=0}]'; nested exception is org.springframework.core.convert.ConverterNotFoundException: No converter found capable of converting from type [acme.entities.jobs.Duty] to type [java.lang.String]
org.springframework.core.convert.support.GenericConversionService.handleConverterNotFound(GenericConversionService.java:321): No converter found capable of converting from type [acme.entities.jobs.Duty] to type [java.lang.String]
ERROR [org.apache.catalina.core.ContainerBase.[Tomcat].[localhost].[/acme-jobs].[jsp]] at org.springframework.core.convert.support.GenericConversionService.handleConverterNotFound(GenericConversionService.java:321): No converter found capable of converting from type [acme.entities.jobs.Duty] to type [java.lang.String]
ERROR [org.apache.catalina.core.ContainerBase.[Tomcat].[localhost].[/acme-jobs].[jsp]] at org.apache.tiles.request.servlet.ServletUtil.wrapServletException(ServletUtil.java:61): JSPException including path '../authenticated/job/form.jsp'.
at org.apache.jsp.tag.web.print_tag.doTag(print_tag.java:168): org.springframework.core.convert.ConversionFailedException: Failed to convert from type [org.hibernate.collection.internal.PersistentBag] to type [java.lang.String] for value '[acme.entities.jobs.Duty{id=77, version=0}, acme.entities.jobs.Duty{id=78, version=0}]'; nested exception is org.springframework.core.convert.ConverterNotFoundException: No converter found capable of converting from type [acme.entities.jobs.Duty] to type [java.lang.String]
at org.springframework.core.convert.support.ConversionUtils.invokeConverter(ConversionUtils.java:47): Failed to convert from type [org.hibernate.collection.internal.PersistentBag] to type [java.lang.String] for value '[acme.entities.jobs.Duty{id=77, version=0}, acme.entities.jobs.Duty{id=78, version=0}]'; nested exception is org.springframework.core.convert.ConverterNotFoundException: No converter found capable of converting from type [acme.entities.jobs.Duty] to type [java.lang.String]
at org.springframework.core.convert.support.GenericConversionService.handleConverterNotFound(GenericConversionService.java:321): No converter found capable of converting from type [acme.entities.jobs.Duty] to type [java.lang.String]
ERROR [org.apache.catalina.core.ContainerBase.[Tomcat].[localhost].[/acme-jobs].[dispatcherServlet]] at org.springframework.core.convert.support.GenericConversionService.handleConverterNotFound(GenericConversionService.java:321): No converter found capable of converting from type [acme.entities.jobs.Duty] to type [java.lang.String]
ERROR [org.apache.jsp.META_002dINF.views.framework.panic_jsp] HTTP GET /acme-jobs/master/panic HTTP/1.1
ERROR [org.apache.jsp.META_002dINF.views.framework.panic_jsp] Status: 500
ERROR [org.apache.jsp.META_002dINF.views.framework.panic_jsp] Exception: org.springframework.web.servlet.FrameworkServlet.processRequest(FrameworkServlet.java:1013): Request processing failed; nested exception is org.apache.tiles.request.render.CannotRenderException: JSPException including path '../authenticated/job/form.jsp'.
org.apache.tiles.impl.BasicTilesContainer.render(BasicTilesContainer.java:399): JSPException including path '../authenticated/job/form.jsp'.
org.apache.tiles.request.servlet.ServletUtil.wrapServletException(ServletUtil.java:61): JSPException including path '../authenticated/job/form.jsp'.
org.apache.jsp.tag.web.print_tag.doTag(print_tag.java:168): org.springframework.core.convert.ConversionFailedException: Failed to convert from type [org.hibernate.collection.internal.PersistentBag] to type [java.lang.String] for value '[acme.entities.jobs.Duty{id=77, version=0}, acme.entities.jobs.Duty{id=78, version=0}]'; nested exception is org.springframework.core.convert.ConverterNotFoundException: No converter found capable of converting from type [acme.entities.jobs.Duty] to type [java.lang.String]
org.springframework.core.convert.support.ConversionUtils.invokeConverter(ConversionUtils.java:47): Failed to convert from type [org.hibernate.collection.internal.PersistentBag] to type [java.lang.String] for value '[acme.entities.jobs.Duty{id=77, version=0}, acme.entities.jobs.Duty{id=78, version=0}]'; nested exception is org.springframework.core.convert.ConverterNotFoundException: No converter found capable of converting from type [acme.entities.jobs.Duty] to type [java.lang.String]
org.springframework.core.convert.support.GenericConversionService.handleConverterNotFound(GenericConversionService.java:321): No converter found capable of converting from type [acme.entities.jobs.Duty] to type [java.lang.String]
ERROR [org.apache.catalina.core.ContainerBase.[Tomcat].[localhost].[/acme-jobs].[jsp]] at org.springframework.core.convert.support.GenericConversionService.handleConverterNotFound(GenericConversionService.java:321): No converter found capable of converting from type [acme.entities.jobs.Duty] to type [java.lang.String]
ERROR [org.apache.catalina.core.ContainerBase.[Tomcat].[localhost].[/acme-jobs].[jsp]] at org.apache.tiles.request.servlet.ServletUtil.wrapServletException(ServletUtil.java:61): JSPException including path '../authenticated/job/form.jsp'.
at org.apache.jsp.tag.web.print_tag.doTag(print_tag.java:168): org.springframework.core.convert.ConversionFailedException: Failed to convert from type [org.hibernate.collection.internal.PersistentBag] to type [java.lang.String] for value '[acme.entities.jobs.Duty{id=73, version=0}, acme.entities.jobs.Duty{id=74, version=0}]'; nested exception is org.springframework.core.convert.ConverterNotFoundException: No converter found capable of converting from type [acme.entities.jobs.Duty] to type [java.lang.String]
at org.springframework.core.convert.support.ConversionUtils.invokeConverter(ConversionUtils.java:47): Failed to convert from type [org.hibernate.collection.internal.PersistentBag] to type [java.lang.String] for value '[acme.entities.jobs.Duty{id=73, version=0}, acme.entities.jobs.Duty{id=74, version=0}]'; nested exception is org.springframework.core.convert.ConverterNotFoundException: No converter found capable of converting from type [acme.entities.jobs.Duty] to type [java.lang.String]
at org.springframework.core.convert.support.GenericConversionService.handleConverterNotFound(GenericConversionService.java:321): No converter found capable of converting from type [acme.entities.jobs.Duty] to type [java.lang.String]
ERROR [org.apache.catalina.core.ContainerBase.[Tomcat].[localhost].[/acme-jobs].[dispatcherServlet]] at org.springframework.core.convert.support.GenericConversionService.handleConverterNotFound(GenericConversionService.java:321): No converter found capable of converting from type [acme.entities.jobs.Duty] to type [java.lang.String]
ERROR [org.apache.jsp.META_002dINF.views.framework.panic_jsp] HTTP GET /acme-jobs/master/panic HTTP/1.1
ERROR [org.apache.jsp.META_002dINF.views.framework.panic_jsp] Status: 500
ERROR [org.apache.jsp.META_002dINF.views.framework.panic_jsp] Exception: org.springframework.web.servlet.FrameworkServlet.processRequest(FrameworkServlet.java:1013): Request processing failed; nested exception is org.apache.tiles.request.render.CannotRenderException: JSPException including path '../authenticated/job/form.jsp'.
org.apache.tiles.impl.BasicTilesContainer.render(BasicTilesContainer.java:399): JSPException including path '../authenticated/job/form.jsp'.
org.apache.tiles.request.servlet.ServletUtil.wrapServletException(ServletUtil.java:61): JSPException including path '../authenticated/job/form.jsp'.
org.apache.jsp.tag.web.print_tag.doTag(print_tag.java:168): org.springframework.core.convert.ConversionFailedException: Failed to convert from type [org.hibernate.collection.internal.PersistentBag] to type [java.lang.String] for value '[acme.entities.jobs.Duty{id=73, version=0}, acme.entities.jobs.Duty{id=74, version=0}]'; nested exception is org.springframework.core.convert.ConverterNotFoundException: No converter found capable of converting from type [acme.entities.jobs.Duty] to type [java.lang.String]
org.springframework.core.convert.support.ConversionUtils.invokeConverter(ConversionUtils.java:47): Failed to convert from type [org.hibernate.collection.internal.PersistentBag] to type [java.lang.String] for value '[acme.entities.jobs.Duty{id=73, version=0}, acme.entities.jobs.Duty{id=74, version=0}]'; nested exception is org.springframework.core.convert.ConverterNotFoundException: No converter found capable of converting from type [acme.entities.jobs.Duty] to type [java.lang.String]
org.springframework.core.convert.support.GenericConversionService.handleConverterNotFound(GenericConversionService.java:321): No converter found capable of converting from type [acme.entities.jobs.Duty] to type [java.lang.String]
WARN [org.springframework.boot.web.servlet.context.AnnotationConfigServletWebServerApplicationContext] Exception encountered during context initialization - cancelling refresh attempt: org.springframework.beans.factory.UnsatisfiedDependencyException: Error creating bean with name 'workerApplicationController': Unsatisfied dependency expressed through field 'showService'; nested exception is org.springframework.beans.factory.NoSuchBeanDefinitionException: No qualifying bean of type 'acme.features.worker.applications.WorkerApplicationShowService' available: expected at least 1 bean which qualifies as autowire candidate. Dependency annotations: {@org.springframework.beans.factory.annotation.Autowired(required=true)}
ERROR [org.springframework.boot.diagnostics.LoggingFailureAnalysisReporter] ***************************
APPLICATION FAILED TO START
***************************
Description:
Field showService in acme.features.worker.applications.WorkerApplicationController required a bean of type 'acme.features.worker.applications.WorkerApplicationShowService' that could not be found.
The injection point has the following annotations:
- @org.springframework.beans.factory.annotation.Autowired(required=true)
Action:
Consider defining a bean of type 'acme.features.worker.applications.WorkerApplicationShowService' in your configuration.
WARN [org.springframework.boot.web.servlet.context.AnnotationConfigServletWebServerApplicationContext] Exception encountered during context initialization - cancelling refresh attempt: org.springframework.beans.factory.UnsatisfiedDependencyException: Error creating bean with name 'workerApplicationController': Unsatisfied dependency expressed through field 'showService'; nested exception is org.springframework.beans.factory.NoSuchBeanDefinitionException: No qualifying bean of type 'acme.features.worker.applications.WorkerApplicationShowService' available: expected at least 1 bean which qualifies as autowire candidate. Dependency annotations: {@org.springframework.beans.factory.annotation.Autowired(required=true)}
ERROR [org.springframework.boot.diagnostics.LoggingFailureAnalysisReporter] ***************************
APPLICATION FAILED TO START
***************************
Description:
Field showService in acme.features.worker.applications.WorkerApplicationController required a bean of type 'acme.features.worker.applications.WorkerApplicationShowService' that could not be found.
The injection point has the following annotations:
- @org.springframework.beans.factory.annotation.Autowired(required=true)
Action:
Consider defining a bean of type 'acme.features.worker.applications.WorkerApplicationShowService' in your configuration.
ERROR [org.apache.jsp.META_002dINF.views.framework.panic_jsp] HTTP GET /acme-jobs/META-INF/views/framework/page.jsp HTTP/1.1
ERROR [org.apache.jsp.META_002dINF.views.framework.panic_jsp] Status: 500
ERROR [org.apache.jsp.META_002dINF.views.framework.panic_jsp] Exception: java.lang.NullPointerException
ERROR [org.apache.jsp.META_002dINF.views.framework.panic_jsp] HTTP GET /acme-jobs/META-INF/views/framework/page.jsp HTTP/1.1
ERROR [org.apache.jsp.META_002dINF.views.framework.panic_jsp] Status: 500
ERROR [org.apache.jsp.META_002dINF.views.framework.panic_jsp] Exception: java.lang.NullPointerException
ERROR [org.apache.jsp.META_002dINF.views.framework.panic_jsp] HTTP GET /acme-jobs/META-INF/views/framework/page.jsp HTTP/1.1
ERROR [org.apache.jsp.META_002dINF.views.framework.panic_jsp] Status: 500
ERROR [org.apache.jsp.META_002dINF.views.framework.panic_jsp] Exception: java.lang.NullPointerException
ERROR [org.hibernate.hql.internal.ast.ErrorTracker] Invalid path: 'aj.job'
ERROR [org.hibernate.hql.internal.ast.ErrorTracker] at org.hibernate.hql.internal.ast.util.LiteralProcessor.lookupConstant(LiteralProcessor.java:111): Invalid path: 'aj.job'
ERROR [org.hibernate.hql.internal.ast.ErrorTracker] Invalid path: 'aj.id'
ERROR [org.hibernate.hql.internal.ast.ErrorTracker] at org.hibernate.hql.internal.ast.util.LiteralProcessor.lookupConstant(LiteralProcessor.java:111): Invalid path: 'aj.id'
ERROR [org.hibernate.hql.internal.ast.ErrorTracker] <AST>:0:0: unexpected end of subtree
ERROR [org.hibernate.hql.internal.ast.ErrorTracker] at org.hibernate.hql.internal.antlr.HqlSqlBaseWalker.exprOrSubquery(HqlSqlBaseWalker.java:4788): unexpected end of subtree
ERROR [org.hibernate.hql.internal.ast.ErrorTracker] left-hand operand of a binary operator was null
ERROR [org.hibernate.hql.internal.ast.ErrorTracker] at org.hibernate.hql.internal.ast.tree.BinaryLogicOperatorNode.initialize(BinaryLogicOperatorNode.java:40): left-hand operand of a binary operator was null
WARN [org.springframework.boot.web.servlet.context.AnnotationConfigServletWebServerApplicationContext] Exception encountered during context initialization - cancelling refresh attempt: org.springframework.beans.factory.UnsatisfiedDependencyException: Error creating bean with name 'employerApplicationController': Unsatisfied dependency expressed through field 'listMineService'; nested exception is org.springframework.beans.factory.UnsatisfiedDependencyException: Error creating bean with name 'employerApplicationListService': Unsatisfied dependency expressed through field 'repository'; nested exception is org.springframework.beans.factory.BeanCreationException: Error creating bean with name 'employerApplicationRepository': Invocation of init method failed; nested exception is java.lang.IllegalArgumentException: Validation failed for query for method public abstract java.lang.Thread acme.features.employer.applications.EmployerApplicationRepository.findId(int)!
ERROR [org.springframework.boot.SpringApplication] at org.springframework.beans.factory.annotation.AutowiredAnnotationBeanPostProcessor$AutowiredFieldElement.inject(AutowiredAnnotationBeanPostProcessor.java:596): Error creating bean with name 'employerApplicationController': Unsatisfied dependency expressed through field 'listMineService'; nested exception is org.springframework.beans.factory.UnsatisfiedDependencyException: Error creating bean with name 'employerApplicationListService': Unsatisfied dependency expressed through field 'repository'; nested exception is org.springframework.beans.factory.BeanCreationException: Error creating bean with name 'employerApplicationRepository': Invocation of init method failed; nested exception is java.lang.IllegalArgumentException: Validation failed for query for method public abstract java.lang.Thread acme.features.employer.applications.EmployerApplicationRepository.findId(int)!
at org.springframework.beans.factory.annotation.AutowiredAnnotationBeanPostProcessor$AutowiredFieldElement.inject(AutowiredAnnotationBeanPostProcessor.java:596): Error creating bean with name 'employerApplicationListService': Unsatisfied dependency expressed through field 'repository'; nested exception is org.springframework.beans.factory.BeanCreationException: Error creating bean with name 'employerApplicationRepository': Invocation of init method failed; nested exception is java.lang.IllegalArgumentException: Validation failed for query for method public abstract java.lang.Thread acme.features.employer.applications.EmployerApplicationRepository.findId(int)!
at org.springframework.beans.factory.support.AbstractAutowireCapableBeanFactory.initializeBean(AbstractAutowireCapableBeanFactory.java:1778): Error creating bean with name 'employerApplicationRepository': Invocation of init method failed; nested exception is java.lang.IllegalArgumentException: Validation failed for query for method public abstract java.lang.Thread acme.features.employer.applications.EmployerApplicationRepository.findId(int)!
at org.springframework.data.jpa.repository.query.SimpleJpaQuery.validateQuery(SimpleJpaQuery.java:93): Validation failed for query for method public abstract java.lang.Thread acme.features.employer.applications.EmployerApplicationRepository.findId(int)!
at org.hibernate.internal.ExceptionConverterImpl.convert(ExceptionConverterImpl.java:138): org.hibernate.hql.internal.ast.QuerySyntaxException: Invalid path: 'aj.job' [select jo from acme.entities.jobs.Job jo join aj.job aj where aj.id= ?1]
at org.hibernate.hql.internal.ast.QuerySyntaxException.convert(QuerySyntaxException.java:74): Invalid path: 'aj.job' [select jo from acme.entities.jobs.Job jo join aj.job aj where aj.id= ?1]
WARN [org.springframework.boot.web.servlet.context.AnnotationConfigServletWebServerApplicationContext] Exception encountered during context initialization - cancelling refresh attempt: org.springframework.beans.factory.UnsatisfiedDependencyException: Error creating bean with name 'employerApplicationController': Unsatisfied dependency expressed through field 'listMineService'; nested exception is org.springframework.beans.factory.UnsatisfiedDependencyException: Error creating bean with name 'employerApplicationListService': Unsatisfied dependency expressed through field 'repository'; nested exception is org.springframework.beans.factory.BeanCreationException: Error creating bean with name 'employerApplicationRepository': Invocation of init method failed; nested exception is java.lang.IllegalArgumentException: Validation failed for query for method public abstract acme.entities.jobs.Job acme.features.employer.applications.EmployerApplicationRepository.findId(int)!
ERROR [org.springframework.boot.SpringApplication] at org.springframework.beans.factory.annotation.AutowiredAnnotationBeanPostProcessor$AutowiredFieldElement.inject(AutowiredAnnotationBeanPostProcessor.java:596): Error creating bean with name 'employerApplicationController': Unsatisfied dependency expressed through field 'listMineService'; nested exception is org.springframework.beans.factory.UnsatisfiedDependencyException: Error creating bean with name 'employerApplicationListService': Unsatisfied dependency expressed through field 'repository'; nested exception is org.springframework.beans.factory.BeanCreationException: Error creating bean with name 'employerApplicationRepository': Invocation of init method failed; nested exception is java.lang.IllegalArgumentException: Validation failed for query for method public abstract acme.entities.jobs.Job acme.features.employer.applications.EmployerApplicationRepository.findId(int)!
at org.springframework.beans.factory.annotation.AutowiredAnnotationBeanPostProcessor$AutowiredFieldElement.inject(AutowiredAnnotationBeanPostProcessor.java:596): Error creating bean with name 'employerApplicationListService': Unsatisfied dependency expressed through field 'repository'; nested exception is org.springframework.beans.factory.BeanCreationException: Error creating bean with name 'employerApplicationRepository': Invocation of init method failed; nested exception is java.lang.IllegalArgumentException: Validation failed for query for method public abstract acme.entities.jobs.Job acme.features.employer.applications.EmployerApplicationRepository.findId(int)!
at org.springframework.beans.factory.support.AbstractAutowireCapableBeanFactory.initializeBean(AbstractAutowireCapableBeanFactory.java:1778): Error creating bean with name 'employerApplicationRepository': Invocation of init method failed; nested exception is java.lang.IllegalArgumentException: Validation failed for query for method public abstract acme.entities.jobs.Job acme.features.employer.applications.EmployerApplicationRepository.findId(int)!
at org.springframework.data.jpa.repository.query.SimpleJpaQuery.validateQuery(SimpleJpaQuery.java:93): Validation failed for query for method public abstract acme.entities.jobs.Job acme.features.employer.applications.EmployerApplicationRepository.findId(int)!
at org.hibernate.internal.ExceptionConverterImpl.convert(ExceptionConverterImpl.java:138): org.hibernate.QueryException: could not resolve property: job of: acme.entities.jobs.Job [select jo from acme.entities.jobs.Job jo join jo.job aj where aj.id= ?1]
at org.hibernate.QueryException.generateQueryException(QueryException.java:120): could not resolve property: job of: acme.entities.jobs.Job [select jo from acme.entities.jobs.Job jo join jo.job aj where aj.id= ?1]
at org.hibernate.persister.entity.AbstractPropertyMapping.propertyException(AbstractPropertyMapping.java:73): could not resolve property: job of: acme.entities.jobs.Job
